<?xml version="1.0" encoding="UTF-8"?>
<!-- Generated by org.testng.reporters.JUnitXMLReporter -->
<testsuite hostname="DESKTOP-RM31FLA" ignored="0" name="Test 1" tests="4" failures="0" timestamp="10 jan. 2019 09:41:54 GMT" time="0.035" errors="0">
  <testcase name="testMethod1" time="0.009" classname="testclasses.TestNG_Preserve2"/>
  <testcase name="testMethod2" time="0.002" classname="testclasses.TestNG_Preserve2"/>
  <testcase name="testMethod1" time="0.001" classname="testclasses.TestNG_Preserve1"/>
  <testcase name="testMethod2" time="0.002" classname="testclasses.TestNG_Preserve1"/>
</testsuite> <!-- Test 1 -->
