<?xml version="1.0" encoding="UTF-8"?>
<!-- Generated by org.testng.reporters.JUnitXMLReporter -->
<testsuite hostname="DESKTOP-TAHIGOL" ignored="0" name="Firefox Test" tests="1" failures="0" timestamp="14 jan. 2019 14:00:01 GMT" time="0.073" errors="0">
  <testcase name="@BeforeClass beforeClass" time="0.008" classname="testclasses.TestNG_SeleniuParallelReport">
    <failure type="java.lang.NullPointerException">
      <![CDATA[java.lang.NullPointerException
at testclasses.TestNG_SeleniuParallelReport.beforeClass(TestNG_SeleniuParallelReport.java:29)
at java.util.concurrent.FutureTask.run(Unknown Source)
at java.util.concurrent.ThreadPoolExecutor.runWorker(Unknown Source)
at java.util.concurrent.ThreadPoolExecutor$Worker.run(Unknown Source)
at java.lang.Thread.run(Unknown Source)
... Removed 17 stack frames]]>
    </failure>
  </testcase> <!-- @BeforeClass beforeClass -->
  <testcase name="@AfterClass cleanUp" time="0.0" classname="testclasses.TestNG_SeleniuParallelReport">
    <skipped/>
  </testcase> <!-- @AfterClass cleanUp -->
  <testcase name="testLogin" time="0.0" classname="testclasses.TestNG_SeleniuParallelReport">
    <skipped/>
  </testcase> <!-- testLogin -->
</testsuite> <!-- Firefox Test -->
